<?xml version="1.0" encoding="UTF-8"?>
<testsuite name="br.com.glauber.jokenpo.service.test.PlayGameServiceTest" tests="3" skipped="0" failures="0" errors="0" timestamp="2019-04-28T00:02:16" hostname="FBCOMP005" time="0.003">
  <properties/>
  <testcase name="souldGamePlayedsDraw" classname="br.com.glauber.jokenpo.service.test.PlayGameServiceTest" time="0.001"/>
  <testcase name="souldGamePlayedsGamer1Win" classname="br.com.glauber.jokenpo.service.test.PlayGameServiceTest" time="0.001"/>
  <testcase name="souldGamePlayedsGamer2Win" classname="br.com.glauber.jokenpo.service.test.PlayGameServiceTest" time="0.001"/>
  <system-out><![CDATA[]]></system-out>
  <system-err><![CDATA[]]></system-err>
</testsuite>
