<?xml version="1.0" encoding="UTF-8"?>
<testsuite name="br.com.glauber.jokenpo.component.test.LineReaderTest" tests="2" skipped="0" failures="0" errors="0" timestamp="2019-04-28T00:02:16" hostname="FBCOMP005" time="0.023">
  <properties/>
  <testcase name="souldReadLineReturnWritedExit" classname="br.com.glauber.jokenpo.component.test.LineReaderTest" time="0.02"/>
  <testcase name="souldReadLineReturnWrited" classname="br.com.glauber.jokenpo.component.test.LineReaderTest" time="0.001"/>
  <system-out><![CDATA[teste
teste
]]></system-out>
  <system-err><![CDATA[]]></system-err>
</testsuite>
